<?xml version="1.0" encoding="UTF-8"?>
<!-- Generated by org.testng.reporters.JUnitXMLReporter -->
<testsuite hostname="TGS-DPC-2374" name="Default test" tests="3" failures="0" timestamp="31 Jul 2019 05:44:10 GMT" time="29.542" errors="0">
  <testcase name="verifyUsernameTest" time="0.772" classname="qa.com.test.HomeTest"/>
  <testcase name="lnkViewContactTest" time="1.169" classname="qa.com.test.HomeTest"/>
  <testcase name="myContactTest" time="2.771" classname="qa.com.test.HomeTest"/>
</testsuite> <!-- Default test -->
