<?xml version="1.0" encoding="UTF-8"?>
<!-- Generated by org.testng.reporters.JUnitXMLReporter -->
<testsuite hostname="TGS-DPC-2374" name="Test" tests="5" failures="0" timestamp="31 Jul 2019 05:45:57 GMT" time="45.212" errors="0">
  <testcase name="loginPageTitleTest" time="0.018" classname="qa.com.test.LoginTestPage"/>
  <testcase name="loginToCyclo" time="1.223" classname="qa.com.test.LoginTestPage"/>
  <testcase name="verifyUsernameTest" time="0.878" classname="qa.com.test.HomeTest"/>
  <testcase name="lnkViewContactTest" time="1.066" classname="qa.com.test.HomeTest"/>
  <testcase name="myContactTest" time="2.705" classname="qa.com.test.HomeTest"/>
</testsuite> <!-- Test -->
